2013-11-11 13:36:04.386 Canvas2ImageDemo[35227:80b] Multi-tasking -> Device: YES, App: YES
2013-11-11 13:36:04.406 Canvas2ImageDemo[35227:80b] [CDVTimer][canvas2imageplugin] 0.095963ms
2013-11-11 13:36:04.407 Canvas2ImageDemo[35227:80b] [CDVTimer][TotalPluginStartup] 0.782013ms
2013-11-11 13:36:04.466 Canvas2ImageDemo[35227:80b] Resetting plugins due to page load.
2013-11-11 13:36:04.550 Canvas2ImageDemo[35227:80b] Finished load of: file:///Users/tommy/Library/Application%20Support/iPhone%20Simulator/7.0/Applications/5BE3DFA9-3DD9-474D-B2E9-83CA8278BB33/Canvas2ImageDemo.app/www/index.html
2013-11-11 13:56:23.073 Canvas2ImageDemo[35933:80b] Multi-tasking -> Device: YES, App: YES
2013-11-11 13:56:23.091 Canvas2ImageDemo[35933:80b] [CDVTimer][canvas2imageplugin] 0.046968ms
2013-11-11 13:56:23.091 Canvas2ImageDemo[35933:80b] [CDVTimer][TotalPluginStartup] 0.523984ms
2013-11-11 13:56:23.224 Canvas2ImageDemo[35933:80b] Resetting plugins due to page load.
2013-11-11 13:56:23.309 Canvas2ImageDemo[35933:80b] Finished load of: file:///Users/tommy/Library/Application%20Support/iPhone%20Simulator/7.0/Applications/5BE3DFA9-3DD9-474D-B2E9-83CA8278BB33/Canvas2ImageDemo.app/www/index.html
2013-11-11 13:59:33.193 Canvas2ImageDemo[36545:80b] Multi-tasking -> Device: YES, App: YES
2013-11-11 13:59:33.213 Canvas2ImageDemo[36545:80b] [CDVTimer][canvas2imageplugin] 0.039995ms
2013-11-11 13:59:33.213 Canvas2ImageDemo[36545:80b] [CDVTimer][TotalPluginStartup] 0.527978ms
2013-11-11 13:59:33.280 Canvas2ImageDemo[36545:80b] Resetting plugins due to page load.
2013-11-11 13:59:33.340 Canvas2ImageDemo[36545:80b] Finished load of: file:///Users/tommy/Library/Application%20Support/iPhone%20Simulator/7.0/Applications/5BE3DFA9-3DD9-474D-B2E9-83CA8278BB33/Canvas2ImageDemo.app/www/index.html
2013-11-11 14:02:22.424 Canvas2ImageDemo[39014:80b] Multi-tasking -> Device: YES, App: YES
2013-11-11 14:02:22.444 Canvas2ImageDemo[39014:80b] [CDVTimer][canvas2imageplugin] 0.055969ms
2013-11-11 14:02:22.444 Canvas2ImageDemo[39014:80b] [CDVTimer][TotalPluginStartup] 0.626981ms
2013-11-11 14:02:22.529 Canvas2ImageDemo[39014:80b] Resetting plugins due to page load.
2013-11-11 14:02:22.605 Canvas2ImageDemo[39014:80b] Finished load of: file:///Users/tommy/Library/Application%20Support/iPhone%20Simulator/7.0/Applications/3CC898E5-D90A-4DF0-A19F-36C3D97A87C7/Canvas2ImageDemo.app/www/index.html
2013-11-11 14:03:17.883 Canvas2ImageDemo[39620:80b] Multi-tasking -> Device: YES, App: YES
2013-11-11 14:03:17.899 Canvas2ImageDemo[39620:80b] [CDVTimer][canvas2imageplugin] 0.036001ms
2013-11-11 14:03:17.900 Canvas2ImageDemo[39620:80b] [CDVTimer][TotalPluginStartup] 0.544012ms
2013-11-11 14:03:17.964 Canvas2ImageDemo[39620:80b] Resetting plugins due to page load.
2013-11-11 14:03:18.047 Canvas2ImageDemo[39620:80b] Finished load of: file:///Users/tommy/Library/Application%20Support/iPhone%20Simulator/7.0/Applications/3CC898E5-D90A-4DF0-A19F-36C3D97A87C7/Canvas2ImageDemo.app/www/index.html
2013-11-11 14:03:32.199 Canvas2ImageDemo[40220:80b] Multi-tasking -> Device: YES, App: YES
2013-11-11 14:03:32.219 Canvas2ImageDemo[40220:80b] [CDVTimer][canvas2imageplugin] 0.039041ms
2013-11-11 14:03:32.220 Canvas2ImageDemo[40220:80b] [CDVTimer][TotalPluginStartup] 0.564992ms
2013-11-11 14:03:32.282 Canvas2ImageDemo[40220:80b] Resetting plugins due to page load.
2013-11-11 14:03:32.369 Canvas2ImageDemo[40220:80b] Finished load of: file:///Users/tommy/Library/Application%20Support/iPhone%20Simulator/7.0/Applications/3CC898E5-D90A-4DF0-A19F-36C3D97A87C7/Canvas2ImageDemo.app/www/index.html
2013-11-11 14:04:21.219 Canvas2ImageDemo[40824:80b] Multi-tasking -> Device: YES, App: YES
2013-11-11 14:04:21.238 Canvas2ImageDemo[40824:80b] [CDVTimer][canvas2imageplugin] 0.037014ms
2013-11-11 14:04:21.238 Canvas2ImageDemo[40824:80b] [CDVTimer][TotalPluginStartup] 0.542045ms
2013-11-11 14:04:21.280 Canvas2ImageDemo[40824:80b] Resetting plugins due to page load.
2013-11-11 14:04:21.364 Canvas2ImageDemo[40824:80b] Finished load of: file:///Users/tommy/Library/Application%20Support/iPhone%20Simulator/7.0/Applications/3CC898E5-D90A-4DF0-A19F-36C3D97A87C7/Canvas2ImageDemo.app/www/index.html
2013-11-11 14:04:55.056 Canvas2ImageDemo[41428:80b] Multi-tasking -> Device: YES, App: YES
2013-11-11 14:04:55.077 Canvas2ImageDemo[41428:80b] [CDVTimer][canvas2imageplugin] 0.059009ms
2013-11-11 14:04:55.078 Canvas2ImageDemo[41428:80b] [CDVTimer][TotalPluginStartup] 0.625014ms
2013-11-11 14:04:55.134 Canvas2ImageDemo[41428:80b] Resetting plugins due to page load.
2013-11-11 14:04:55.221 Canvas2ImageDemo[41428:80b] Finished load of: file:///Users/tommy/Library/Application%20Support/iPhone%20Simulator/7.0/Applications/3CC898E5-D90A-4DF0-A19F-36C3D97A87C7/Canvas2ImageDemo.app/www/index.html
2013-11-11 14:11:44.133 Canvas2ImageDemo[42059:80b] Multi-tasking -> Device: YES, App: YES
2013-11-11 14:11:44.154 Canvas2ImageDemo[42059:80b] [CDVTimer][canvas2imageplugin] 0.055015ms
2013-11-11 14:11:44.154 Canvas2ImageDemo[42059:80b] [CDVTimer][TotalPluginStartup] 0.597000ms
2013-11-11 14:11:44.210 Canvas2ImageDemo[42059:80b] Resetting plugins due to page load.
2013-11-11 14:11:44.273 Canvas2ImageDemo[42059:80b] Finished load of: file:///Users/tommy/Library/Application%20Support/iPhone%20Simulator/7.0/Applications/3CC898E5-D90A-4DF0-A19F-36C3D97A87C7/Canvas2ImageDemo.app/www/index.html
2013-11-11 14:14:23.496 Canvas2ImageDemo[42670:80b] Multi-tasking -> Device: YES, App: YES
2013-11-11 14:14:23.515 Canvas2ImageDemo[42670:80b] [CDVTimer][canvas2imageplugin] 0.037014ms
2013-11-11 14:14:23.515 Canvas2ImageDemo[42670:80b] [CDVTimer][TotalPluginStartup] 0.521004ms
2013-11-11 14:14:23.575 Canvas2ImageDemo[42670:80b] Resetting plugins due to page load.
2013-11-11 14:14:23.689 Canvas2ImageDemo[42670:80b] Finished load of: file:///Users/tommy/Library/Application%20Support/iPhone%20Simulator/7.0/Applications/B831DE15-8050-4171-BD1E-27A6C9C8EA7C/Canvas2ImageDemo.app/www/index.html
2013-11-11 14:14:54.866 Canvas2ImageDemo[43271:80b] Multi-tasking -> Device: YES, App: YES
2013-11-11 14:14:54.887 Canvas2ImageDemo[43271:80b] [CDVTimer][canvas2imageplugin] 0.039995ms
2013-11-11 14:14:54.887 Canvas2ImageDemo[43271:80b] [CDVTimer][TotalPluginStartup] 0.564992ms
2013-11-11 14:14:54.942 Canvas2ImageDemo[43271:80b] Resetting plugins due to page load.
2013-11-11 14:14:55.008 Canvas2ImageDemo[43271:80b] Finished load of: file:///Users/tommy/Library/Application%20Support/iPhone%20Simulator/7.0/Applications/B831DE15-8050-4171-BD1E-27A6C9C8EA7C/Canvas2ImageDemo.app/www/index.html
2013-11-11 14:15:24.082 Canvas2ImageDemo[43874:80b] Multi-tasking -> Device: YES, App: YES
2013-11-11 14:15:24.105 Canvas2ImageDemo[43874:80b] [CDVTimer][canvas2imageplugin] 0.057995ms
2013-11-11 14:15:24.105 Canvas2ImageDemo[43874:80b] [CDVTimer][TotalPluginStartup] 0.581026ms
2013-11-11 14:15:24.185 Canvas2ImageDemo[43874:80b] Resetting plugins due to page load.
2013-11-11 14:15:24.252 Canvas2ImageDemo[43874:80b] Finished load of: file:///Users/tommy/Library/Application%20Support/iPhone%20Simulator/7.0/Applications/B831DE15-8050-4171-BD1E-27A6C9C8EA7C/Canvas2ImageDemo.app/www/index.html
2013-11-11 14:16:03.910 Canvas2ImageDemo[44479:80b] Multi-tasking -> Device: YES, App: YES
2013-11-11 14:16:03.927 Canvas2ImageDemo[44479:80b] [CDVTimer][canvas2imageplugin] 0.041008ms
2013-11-11 14:16:03.928 Canvas2ImageDemo[44479:80b] [CDVTimer][TotalPluginStartup] 0.482023ms
2013-11-11 14:16:03.987 Canvas2ImageDemo[44479:80b] Resetting plugins due to page load.
2013-11-11 14:16:04.046 Canvas2ImageDemo[44479:80b] Finished load of: file:///Users/tommy/Library/Application%20Support/iPhone%20Simulator/7.0/Applications/B831DE15-8050-4171-BD1E-27A6C9C8EA7C/Canvas2ImageDemo.app/www/index.html
2013-11-11 14:16:30.278 Canvas2ImageDemo[45081:80b] Multi-tasking -> Device: YES, App: YES
2013-11-11 14:16:30.296 Canvas2ImageDemo[45081:80b] [CDVTimer][canvas2imageplugin] 0.039995ms
2013-11-11 14:16:30.296 Canvas2ImageDemo[45081:80b] [CDVTimer][TotalPluginStartup] 0.482023ms
2013-11-11 14:16:30.352 Canvas2ImageDemo[45081:80b] Resetting plugins due to page load.
2013-11-11 14:16:30.409 Canvas2ImageDemo[45081:80b] Finished load of: file:///Users/tommy/Library/Application%20Support/iPhone%20Simulator/7.0/Applications/B831DE15-8050-4171-BD1E-27A6C9C8EA7C/Canvas2ImageDemo.app/www/index.html
2013-11-11 14:17:04.568 Canvas2ImageDemo[45682:80b] Multi-tasking -> Device: YES, App: YES
2013-11-11 14:17:04.586 Canvas2ImageDemo[45682:80b] [CDVTimer][canvas2imageplugin] 0.057995ms
2013-11-11 14:17:04.586 Canvas2ImageDemo[45682:80b] [CDVTimer][TotalPluginStartup] 0.573039ms
2013-11-11 14:17:04.651 Canvas2ImageDemo[45682:80b] Resetting plugins due to page load.
2013-11-11 14:17:04.709 Canvas2ImageDemo[45682:80b] Finished load of: file:///Users/tommy/Library/Application%20Support/iPhone%20Simulator/7.0/Applications/B831DE15-8050-4171-BD1E-27A6C9C8EA7C/Canvas2ImageDemo.app/www/index.html
2013-11-11 14:18:00.711 Canvas2ImageDemo[46287:80b] Multi-tasking -> Device: YES, App: YES
2013-11-11 14:18:00.733 Canvas2ImageDemo[46287:80b] [CDVTimer][canvas2imageplugin] 0.037014ms
2013-11-11 14:18:00.733 Canvas2ImageDemo[46287:80b] [CDVTimer][TotalPluginStartup] 0.500977ms
2013-11-11 14:18:00.790 Canvas2ImageDemo[46287:80b] Resetting plugins due to page load.
2013-11-11 14:18:00.871 Canvas2ImageDemo[46287:80b] Finished load of: file:///Users/tommy/Library/Application%20Support/iPhone%20Simulator/7.0/Applications/B831DE15-8050-4171-BD1E-27A6C9C8EA7C/Canvas2ImageDemo.app/www/index.html
2013-11-11 14:18:30.645 Canvas2ImageDemo[46895:80b] Multi-tasking -> Device: YES, App: YES
2013-11-11 14:18:30.666 Canvas2ImageDemo[46895:80b] [CDVTimer][canvas2imageplugin] 0.042975ms
2013-11-11 14:18:30.666 Canvas2ImageDemo[46895:80b] [CDVTimer][TotalPluginStartup] 0.540972ms
2013-11-11 14:18:30.726 Canvas2ImageDemo[46895:80b] Resetting plugins due to page load.
2013-11-11 14:18:30.782 Canvas2ImageDemo[46895:80b] Finished load of: file:///Users/tommy/Library/Application%20Support/iPhone%20Simulator/7.0/Applications/B831DE15-8050-4171-BD1E-27A6C9C8EA7C/Canvas2ImageDemo.app/www/index.html
2013-11-11 14:25:52.952 Canvas2ImageDemo[47520:80b] Multi-tasking -> Device: YES, App: YES
2013-11-11 14:25:52.973 Canvas2ImageDemo[47520:80b] [CDVTimer][canvas2imageplugin] 0.056982ms
2013-11-11 14:25:52.974 Canvas2ImageDemo[47520:80b] [CDVTimer][TotalPluginStartup] 0.617027ms
2013-11-11 14:25:53.041 Canvas2ImageDemo[47520:80b] Resetting plugins due to page load.
2013-11-11 14:25:53.107 Canvas2ImageDemo[47520:80b] Finished load of: file:///Users/tommy/Library/Application%20Support/iPhone%20Simulator/7.0/Applications/B831DE15-8050-4171-BD1E-27A6C9C8EA7C/Canvas2ImageDemo.app/www/index.html
2013-11-11 14:26:32.420 Canvas2ImageDemo[48126:80b] Multi-tasking -> Device: YES, App: YES
2013-11-11 14:26:32.438 Canvas2ImageDemo[48126:80b] [CDVTimer][canvas2imageplugin] 0.037014ms
2013-11-11 14:26:32.438 Canvas2ImageDemo[48126:80b] [CDVTimer][TotalPluginStartup] 0.496984ms
2013-11-11 14:26:32.491 Canvas2ImageDemo[48126:80b] Resetting plugins due to page load.
2013-11-11 14:26:32.550 Canvas2ImageDemo[48126:80b] Finished load of: file:///Users/tommy/Library/Application%20Support/iPhone%20Simulator/7.0/Applications/B831DE15-8050-4171-BD1E-27A6C9C8EA7C/Canvas2ImageDemo.app/www/index.html
2013-11-11 14:28:44.272 Canvas2ImageDemo[48758:80b] Multi-tasking -> Device: YES, App: YES
2013-11-11 14:28:44.292 Canvas2ImageDemo[48758:80b] [CDVTimer][canvas2imageplugin] 0.037014ms
2013-11-11 14:28:44.293 Canvas2ImageDemo[48758:80b] [CDVTimer][TotalPluginStartup] 0.501990ms
2013-11-11 14:28:44.374 Canvas2ImageDemo[48758:80b] Resetting plugins due to page load.
2013-11-11 14:28:44.435 Canvas2ImageDemo[48758:80b] Finished load of: file:///Users/tommy/Library/Application%20Support/iPhone%20Simulator/7.0/Applications/B831DE15-8050-4171-BD1E-27A6C9C8EA7C/Canvas2ImageDemo.app/www/index.html
2013-11-11 14:29:28.743 Canvas2ImageDemo[49364:80b] Multi-tasking -> Device: YES, App: YES
2013-11-11 14:29:28.763 Canvas2ImageDemo[49364:80b] [CDVTimer][canvas2imageplugin] 0.059009ms
2013-11-11 14:29:28.764 Canvas2ImageDemo[49364:80b] [CDVTimer][TotalPluginStartup] 0.608981ms
2013-11-11 14:29:28.833 Canvas2ImageDemo[49364:80b] Resetting plugins due to page load.
2013-11-11 14:29:28.907 Canvas2ImageDemo[49364:80b] Finished load of: file:///Users/tommy/Library/Application%20Support/iPhone%20Simulator/7.0/Applications/B831DE15-8050-4171-BD1E-27A6C9C8EA7C/Canvas2ImageDemo.app/www/index.html
2013-11-11 14:31:28.802 Canvas2ImageDemo[49977:80b] Multi-tasking -> Device: YES, App: YES
2013-11-11 14:31:28.823 Canvas2ImageDemo[49977:80b] [CDVTimer][canvas2imageplugin] 0.054002ms
2013-11-11 14:31:28.824 Canvas2ImageDemo[49977:80b] [CDVTimer][TotalPluginStartup] 0.604033ms
2013-11-11 14:31:28.902 Canvas2ImageDemo[49977:80b] Resetting plugins due to page load.
2013-11-11 14:31:28.963 Canvas2ImageDemo[49977:80b] Finished load of: file:///Users/tommy/Library/Application%20Support/iPhone%20Simulator/7.0/Applications/B831DE15-8050-4171-BD1E-27A6C9C8EA7C/Canvas2ImageDemo.app/www/index.html
2013-11-11 14:32:26.351 Canvas2ImageDemo[50578:80b] Multi-tasking -> Device: YES, App: YES
2013-11-11 14:32:26.368 Canvas2ImageDemo[50578:80b] [CDVTimer][canvas2imageplugin] 0.052035ms
2013-11-11 14:32:26.369 Canvas2ImageDemo[50578:80b] [CDVTimer][TotalPluginStartup] 0.653028ms
2013-11-11 14:32:26.432 Canvas2ImageDemo[50578:80b] Resetting plugins due to page load.
2013-11-11 14:32:26.489 Canvas2ImageDemo[50578:80b] Finished load of: file:///Users/tommy/Library/Application%20Support/iPhone%20Simulator/7.0/Applications/B831DE15-8050-4171-BD1E-27A6C9C8EA7C/Canvas2ImageDemo.app/www/index.html
2013-11-11 14:33:08.852 Canvas2ImageDemo[51183:80b] Multi-tasking -> Device: YES, App: YES
2013-11-11 14:33:08.873 Canvas2ImageDemo[51183:80b] [CDVTimer][canvas2imageplugin] 0.061989ms
2013-11-11 14:33:08.873 Canvas2ImageDemo[51183:80b] [CDVTimer][TotalPluginStartup] 0.624001ms
2013-11-11 14:33:08.933 Canvas2ImageDemo[51183:80b] Resetting plugins due to page load.
2013-11-11 14:33:08.990 Canvas2ImageDemo[51183:80b] Finished load of: file:///Users/tommy/Library/Application%20Support/iPhone%20Simulator/7.0/Applications/B831DE15-8050-4171-BD1E-27A6C9C8EA7C/Canvas2ImageDemo.app/www/index.html
2013-11-11 14:37:40.992 Canvas2ImageDemo[51828:80b] Multi-tasking -> Device: YES, App: YES
2013-11-11 14:37:41.012 Canvas2ImageDemo[51828:80b] [CDVTimer][canvas2imageplugin] 0.036001ms
2013-11-11 14:37:41.012 Canvas2ImageDemo[51828:80b] [CDVTimer][TotalPluginStartup] 0.485003ms
2013-11-11 14:37:41.081 Canvas2ImageDemo[51828:80b] Resetting plugins due to page load.
2013-11-11 14:37:41.162 Canvas2ImageDemo[51828:80b] Finished load of: file:///Users/tommy/Library/Application%20Support/iPhone%20Simulator/7.0/Applications/B831DE15-8050-4171-BD1E-27A6C9C8EA7C/Canvas2ImageDemo.app/www/index.html
2013-11-11 14:38:44.057 Canvas2ImageDemo[52432:80b] Multi-tasking -> Device: YES, App: YES
2013-11-11 14:38:44.077 Canvas2ImageDemo[52432:80b] [CDVTimer][canvas2imageplugin] 0.059009ms
2013-11-11 14:38:44.077 Canvas2ImageDemo[52432:80b] [CDVTimer][TotalPluginStartup] 0.591993ms
2013-11-11 14:38:44.143 Canvas2ImageDemo[52432:80b] Resetting plugins due to page load.
2013-11-11 14:38:44.206 Canvas2ImageDemo[52432:80b] Finished load of: file:///Users/tommy/Library/Application%20Support/iPhone%20Simulator/7.0/Applications/B831DE15-8050-4171-BD1E-27A6C9C8EA7C/Canvas2ImageDemo.app/www/index.html
2013-11-11 14:39:24.216 Canvas2ImageDemo[53039:80b] Multi-tasking -> Device: YES, App: YES
2013-11-11 14:39:24.236 Canvas2ImageDemo[53039:80b] [CDVTimer][canvas2imageplugin] 0.052989ms
2013-11-11 14:39:24.237 Canvas2ImageDemo[53039:80b] [CDVTimer][TotalPluginStartup] 0.567019ms
2013-11-11 14:39:24.309 Canvas2ImageDemo[53039:80b] Resetting plugins due to page load.
2013-11-11 14:39:24.386 Canvas2ImageDemo[53039:80b] Finished load of: file:///Users/tommy/Library/Application%20Support/iPhone%20Simulator/7.0/Applications/B831DE15-8050-4171-BD1E-27A6C9C8EA7C/Canvas2ImageDemo.app/www/index.html
Terminating in response to SpringBoard's termination.
2013-11-11 14:44:58.966 Canvas2ImageDemo[54922:80b] Multi-tasking -> Device: YES, App: YES
2013-11-11 14:44:58.988 Canvas2ImageDemo[54922:80b] [CDVTimer][canvas2imageplugin] 0.038981ms
2013-11-11 14:44:58.988 Canvas2ImageDemo[54922:80b] [CDVTimer][TotalPluginStartup] 0.454009ms
2013-11-11 14:44:59.052 Canvas2ImageDemo[54922:80b] Resetting plugins due to page load.
2013-11-11 14:44:59.133 Canvas2ImageDemo[54922:80b] Finished load of: file:///Users/tommy/Library/Application%20Support/iPhone%20Simulator/7.0/Applications/B831DE15-8050-4171-BD1E-27A6C9C8EA7C/Canvas2ImageDemo.app/www/index.html
2013-11-11 14:47:39.463 Canvas2ImageDemo[55827:80b] Multi-tasking -> Device: YES, App: YES
2013-11-11 14:47:39.479 Canvas2ImageDemo[55827:80b] [CDVTimer][canvas2imageplugin] 0.036001ms
2013-11-11 14:47:39.480 Canvas2ImageDemo[55827:80b] [CDVTimer][TotalPluginStartup] 0.576973ms
2013-11-11 14:47:39.537 Canvas2ImageDemo[55827:80b] Resetting plugins due to page load.
2013-11-11 14:47:39.595 Canvas2ImageDemo[55827:80b] Finished load of: file:///Users/tommy/Library/Application%20Support/iPhone%20Simulator/7.0/Applications/B831DE15-8050-4171-BD1E-27A6C9C8EA7C/Canvas2ImageDemo.app/www/index.html
2013-11-11 14:50:58.783 Canvas2ImageDemo[56446:80b] Multi-tasking -> Device: YES, App: YES
2013-11-11 14:50:58.805 Canvas2ImageDemo[56446:80b] [CDVTimer][canvas2imageplugin] 0.051022ms
2013-11-11 14:50:58.805 Canvas2ImageDemo[56446:80b] [CDVTimer][TotalPluginStartup] 0.599980ms
2013-11-11 14:50:58.866 Canvas2ImageDemo[56446:80b] Resetting plugins due to page load.
2013-11-11 14:50:58.924 Canvas2ImageDemo[56446:80b] Finished load of: file:///Users/tommy/Library/Application%20Support/iPhone%20Simulator/7.0/Applications/B831DE15-8050-4171-BD1E-27A6C9C8EA7C/Canvas2ImageDemo.app/www/index.html
2013-11-11 14:52:12.408 Canvas2ImageDemo[57054:80b] Multi-tasking -> Device: YES, App: YES
2013-11-11 14:52:12.428 Canvas2ImageDemo[57054:80b] [CDVTimer][canvas2imageplugin] 0.042975ms
2013-11-11 14:52:12.429 Canvas2ImageDemo[57054:80b] [CDVTimer][TotalPluginStartup] 0.531971ms
2013-11-11 14:52:12.491 Canvas2ImageDemo[57054:80b] Resetting plugins due to page load.
2013-11-11 14:52:12.547 Canvas2ImageDemo[57054:80b] Finished load of: file:///Users/tommy/Library/Application%20Support/iPhone%20Simulator/7.0/Applications/B831DE15-8050-4171-BD1E-27A6C9C8EA7C/Canvas2ImageDemo.app/www/index.html
2013-11-11 14:53:07.918 Canvas2ImageDemo[57659:80b] Multi-tasking -> Device: YES, App: YES
2013-11-11 14:53:07.938 Canvas2ImageDemo[57659:80b] [CDVTimer][canvas2imageplugin] 0.038981ms
2013-11-11 14:53:07.939 Canvas2ImageDemo[57659:80b] [CDVTimer][TotalPluginStartup] 0.499010ms
2013-11-11 14:53:07.997 Canvas2ImageDemo[57659:80b] Resetting plugins due to page load.
2013-11-11 14:53:08.050 Canvas2ImageDemo[57659:80b] Finished load of: file:///Users/tommy/Library/Application%20Support/iPhone%20Simulator/7.0/Applications/B831DE15-8050-4171-BD1E-27A6C9C8EA7C/Canvas2ImageDemo.app/www/index.html
2013-11-11 14:53:56.101 Canvas2ImageDemo[58267:80b] Multi-tasking -> Device: YES, App: YES
2013-11-11 14:53:56.120 Canvas2ImageDemo[58267:80b] [CDVTimer][canvas2imageplugin] 0.036001ms
2013-11-11 14:53:56.121 Canvas2ImageDemo[58267:80b] [CDVTimer][TotalPluginStartup] 0.506997ms
2013-11-11 14:53:56.183 Canvas2ImageDemo[58267:80b] Resetting plugins due to page load.
2013-11-11 14:53:56.248 Canvas2ImageDemo[58267:80b] Finished load of: file:///Users/tommy/Library/Application%20Support/iPhone%20Simulator/7.0/Applications/B831DE15-8050-4171-BD1E-27A6C9C8EA7C/Canvas2ImageDemo.app/www/index.html
2013-11-11 14:57:31.736 Canvas2ImageDemo[59032:80b] Multi-tasking -> Device: YES, App: YES
2013-11-11 14:57:31.756 Canvas2ImageDemo[59032:80b] [CDVTimer][canvas2imageplugin] 0.037014ms
2013-11-11 14:57:31.757 Canvas2ImageDemo[59032:80b] [CDVTimer][TotalPluginStartup] 0.567973ms
2013-11-11 14:57:31.872 Canvas2ImageDemo[59032:80b] Resetting plugins due to page load.
2013-11-11 14:57:31.956 Canvas2ImageDemo[59032:80b] Finished load of: file:///Users/tommy/Library/Application%20Support/iPhone%20Simulator/7.0/Applications/B831DE15-8050-4171-BD1E-27A6C9C8EA7C/Canvas2ImageDemo.app/www/index.html
2013-11-11 14:59:12.926 Canvas2ImageDemo[59653:80b] Multi-tasking -> Device: YES, App: YES
2013-11-11 14:59:12.947 Canvas2ImageDemo[59653:80b] [CDVTimer][canvas2imageplugin] 0.037014ms
2013-11-11 14:59:12.947 Canvas2ImageDemo[59653:80b] [CDVTimer][TotalPluginStartup] 0.546038ms
2013-11-11 14:59:13.004 Canvas2ImageDemo[59653:80b] Resetting plugins due to page load.
2013-11-11 14:59:13.062 Canvas2ImageDemo[59653:80b] Finished load of: file:///Users/tommy/Library/Application%20Support/iPhone%20Simulator/7.0/Applications/B831DE15-8050-4171-BD1E-27A6C9C8EA7C/Canvas2ImageDemo.app/www/index.html
2013-11-11 15:02:27.767 Canvas2ImageDemo[59653:80b] Resetting plugins due to page load.
2013-11-11 15:02:27.829 Canvas2ImageDemo[59653:80b] Finished load of: file:///Users/tommy/Library/Application%20Support/iPhone%20Simulator/7.0/Applications/B831DE15-8050-4171-BD1E-27A6C9C8EA7C/Canvas2ImageDemo.app/www/index.html
2013-11-11 15:03:32.661 Canvas2ImageDemo[59653:80b] Resetting plugins due to page load.
2013-11-11 15:03:32.721 Canvas2ImageDemo[59653:80b] Finished load of: file:///Users/tommy/Library/Application%20Support/iPhone%20Simulator/7.0/Applications/B831DE15-8050-4171-BD1E-27A6C9C8EA7C/Canvas2ImageDemo.app/www/index.html
2013-11-11 15:04:16.976 Canvas2ImageDemo[59653:80b] Resetting plugins due to page load.
2013-11-11 15:04:17.038 Canvas2ImageDemo[59653:80b] Finished load of: file:///Users/tommy/Library/Application%20Support/iPhone%20Simulator/7.0/Applications/B831DE15-8050-4171-BD1E-27A6C9C8EA7C/Canvas2ImageDemo.app/www/index.html
2013-11-11 15:05:44.933 Canvas2ImageDemo[59653:80b] Resetting plugins due to page load.
2013-11-11 15:05:44.993 Canvas2ImageDemo[59653:80b] Finished load of: file:///Users/tommy/Library/Application%20Support/iPhone%20Simulator/7.0/Applications/B831DE15-8050-4171-BD1E-27A6C9C8EA7C/Canvas2ImageDemo.app/www/index.html
2013-11-11 15:06:27.425 Canvas2ImageDemo[60300:80b] Multi-tasking -> Device: YES, App: YES
2013-11-11 15:06:27.444 Canvas2ImageDemo[60300:80b] [CDVTimer][canvas2imageplugin] 0.041008ms
2013-11-11 15:06:27.444 Canvas2ImageDemo[60300:80b] [CDVTimer][TotalPluginStartup] 0.564039ms
2013-11-11 15:06:27.520 Canvas2ImageDemo[60300:80b] Resetting plugins due to page load.
2013-11-11 15:06:27.583 Canvas2ImageDemo[60300:80b] Finished load of: file:///Users/tommy/Library/Application%20Support/iPhone%20Simulator/7.0/Applications/B831DE15-8050-4171-BD1E-27A6C9C8EA7C/Canvas2ImageDemo.app/www/index.html
2013-11-11 15:50:13.377 Canvas2ImageDemo[61370:80b] Multi-tasking -> Device: YES, App: YES
2013-11-11 15:50:13.400 Canvas2ImageDemo[61370:80b] [CDVTimer][canvas2imageplugin] 0.063002ms
2013-11-11 15:50:13.401 Canvas2ImageDemo[61370:80b] [CDVTimer][TotalPluginStartup] 0.712991ms
2013-11-11 15:50:13.474 Canvas2ImageDemo[61370:80b] Resetting plugins due to page load.
2013-11-11 15:50:13.534 Canvas2ImageDemo[61370:80b] Finished load of: file:///Users/tommy/Library/Application%20Support/iPhone%20Simulator/7.0/Applications/B831DE15-8050-4171-BD1E-27A6C9C8EA7C/Canvas2ImageDemo.app/www/index.html
2013-11-11 15:55:04.788 Canvas2ImageDemo[61989:80b] Multi-tasking -> Device: YES, App: YES
2013-11-11 15:55:04.806 Canvas2ImageDemo[61989:80b] [CDVTimer][canvas2imageplugin] 0.039041ms
2013-11-11 15:55:04.806 Canvas2ImageDemo[61989:80b] [CDVTimer][TotalPluginStartup] 0.494003ms
2013-11-11 15:55:04.903 Canvas2ImageDemo[61989:80b] Resetting plugins due to page load.
2013-11-11 15:55:04.985 Canvas2ImageDemo[61989:80b] Finished load of: file:///Users/tommy/Library/Application%20Support/iPhone%20Simulator/7.0/Applications/B831DE15-8050-4171-BD1E-27A6C9C8EA7C/Canvas2ImageDemo.app/www/index.html
2013-11-11 15:58:42.392 Canvas2ImageDemo[62611:80b] Multi-tasking -> Device: YES, App: YES
2013-11-11 15:58:42.411 Canvas2ImageDemo[62611:80b] [CDVTimer][canvas2imageplugin] 0.039995ms
2013-11-11 15:58:42.411 Canvas2ImageDemo[62611:80b] [CDVTimer][TotalPluginStartup] 0.509977ms
2013-11-11 15:58:42.482 Canvas2ImageDemo[62611:80b] Resetting plugins due to page load.
2013-11-11 15:58:42.539 Canvas2ImageDemo[62611:80b] Finished load of: file:///Users/tommy/Library/Application%20Support/iPhone%20Simulator/7.0/Applications/B831DE15-8050-4171-BD1E-27A6C9C8EA7C/Canvas2ImageDemo.app/www/index.html
2013-11-11 15:59:06.562 Canvas2ImageDemo[63215:80b] Multi-tasking -> Device: YES, App: YES
2013-11-11 15:59:06.580 Canvas2ImageDemo[63215:80b] [CDVTimer][canvas2imageplugin] 0.057995ms
2013-11-11 15:59:06.581 Canvas2ImageDemo[63215:80b] [CDVTimer][TotalPluginStartup] 0.625968ms
2013-11-11 15:59:06.638 Canvas2ImageDemo[63215:80b] Resetting plugins due to page load.
2013-11-11 15:59:06.693 Canvas2ImageDemo[63215:80b] Finished load of: file:///Users/tommy/Library/Application%20Support/iPhone%20Simulator/7.0/Applications/B831DE15-8050-4171-BD1E-27A6C9C8EA7C/Canvas2ImageDemo.app/www/index.html
2013-11-11 16:07:44.324 Canvas2ImageDemo[63845:80b] Multi-tasking -> Device: YES, App: YES
2013-11-11 16:07:44.342 Canvas2ImageDemo[63845:80b] [CDVTimer][canvas2imageplugin] 0.037014ms
2013-11-11 16:07:44.343 Canvas2ImageDemo[63845:80b] [CDVTimer][TotalPluginStartup] 0.474989ms
2013-11-11 16:07:44.401 Canvas2ImageDemo[63845:80b] Resetting plugins due to page load.
2013-11-11 16:07:44.462 Canvas2ImageDemo[63845:80b] Finished load of: file:///Users/tommy/Library/Application%20Support/iPhone%20Simulator/7.0/Applications/B831DE15-8050-4171-BD1E-27A6C9C8EA7C/Canvas2ImageDemo.app/www/index.html
2013-11-11 16:07:50.482 Canvas2ImageDemo[63845:80b] THREAD WARNING: ['Canvas2ImagePlugin'] took '23.123779' ms. Plugin should use a background thread.
2013-11-11 16:07:53.039 Canvas2ImageDemo[63845:80b] IMAGE SAVED!
2013-11-11 16:10:04.365 Canvas2ImageDemo[64465:80b] Multi-tasking -> Device: YES, App: YES
2013-11-11 16:10:04.383 Canvas2ImageDemo[64465:80b] [CDVTimer][canvas2imageplugin] 0.054955ms
2013-11-11 16:10:04.383 Canvas2ImageDemo[64465:80b] [CDVTimer][TotalPluginStartup] 0.619948ms
2013-11-11 16:10:04.437 Canvas2ImageDemo[64465:80b] Resetting plugins due to page load.
2013-11-11 16:10:04.498 Canvas2ImageDemo[64465:80b] Finished load of: file:///Users/tommy/Library/Application%20Support/iPhone%20Simulator/7.0/Applications/B831DE15-8050-4171-BD1E-27A6C9C8EA7C/Canvas2ImageDemo.app/www/index.html
2013-11-11 16:10:14.757 Canvas2ImageDemo[64465:80b] IMAGE SAVED!
2013-11-11 16:17:25.008 Canvas2ImageDemo[65118:80b] Multi-tasking -> Device: YES, App: YES
2013-11-11 16:17:25.028 Canvas2ImageDemo[65118:80b] [CDVTimer][canvas2imageplugin] 0.055015ms
2013-11-11 16:17:25.029 Canvas2ImageDemo[65118:80b] [CDVTimer][TotalPluginStartup] 0.560999ms
2013-11-11 16:17:25.104 Canvas2ImageDemo[65118:80b] Resetting plugins due to page load.
2013-11-11 16:17:25.174 Canvas2ImageDemo[65118:80b] Finished load of: file:///Users/tommy/Library/Application%20Support/iPhone%20Simulator/7.0/Applications/B831DE15-8050-4171-BD1E-27A6C9C8EA7C/Canvas2ImageDemo.app/www/index.html
2013-11-11 16:18:15.606 Canvas2ImageDemo[65723:80b] Multi-tasking -> Device: YES, App: YES
2013-11-11 16:18:15.628 Canvas2ImageDemo[65723:80b] [CDVTimer][canvas2imageplugin] 0.060022ms
2013-11-11 16:18:15.628 Canvas2ImageDemo[65723:80b] [CDVTimer][TotalPluginStartup] 0.613034ms
2013-11-11 16:18:15.683 Canvas2ImageDemo[65723:80b] Resetting plugins due to page load.
2013-11-11 16:18:15.744 Canvas2ImageDemo[65723:80b] Finished load of: file:///Users/tommy/Library/Application%20Support/iPhone%20Simulator/7.0/Applications/B831DE15-8050-4171-BD1E-27A6C9C8EA7C/Canvas2ImageDemo.app/www/index.html
2013-11-11 16:18:49.284 Canvas2ImageDemo[66335:80b] Multi-tasking -> Device: YES, App: YES
2013-11-11 16:18:49.302 Canvas2ImageDemo[66335:80b] [CDVTimer][canvas2imageplugin] 0.038028ms
2013-11-11 16:18:49.303 Canvas2ImageDemo[66335:80b] [CDVTimer][TotalPluginStartup] 0.476003ms
2013-11-11 16:18:49.354 Canvas2ImageDemo[66335:80b] Resetting plugins due to page load.
2013-11-11 16:18:49.410 Canvas2ImageDemo[66335:80b] Finished load of: file:///Users/tommy/Library/Application%20Support/iPhone%20Simulator/7.0/Applications/B831DE15-8050-4171-BD1E-27A6C9C8EA7C/Canvas2ImageDemo.app/www/index.html
2013-11-11 16:19:58.275 Canvas2ImageDemo[66335:80b] IMAGE SAVED!
2013-11-11 16:20:25.853 Canvas2ImageDemo[66335:80b] IMAGE SAVED!
2013-11-11 16:21:35.870 Canvas2ImageDemo[66953:80b] Multi-tasking -> Device: YES, App: YES
2013-11-11 16:21:35.892 Canvas2ImageDemo[66953:80b] [CDVTimer][canvas2imageplugin] 0.056982ms
2013-11-11 16:21:35.892 Canvas2ImageDemo[66953:80b] [CDVTimer][TotalPluginStartup] 0.594020ms
2013-11-11 16:21:35.971 Canvas2ImageDemo[66953:80b] Resetting plugins due to page load.
2013-11-11 16:21:36.033 Canvas2ImageDemo[66953:80b] Finished load of: file:///Users/tommy/Library/Application%20Support/iPhone%20Simulator/7.0/Applications/B831DE15-8050-4171-BD1E-27A6C9C8EA7C/Canvas2ImageDemo.app/www/index.html
2013-11-11 16:21:45.796 Canvas2ImageDemo[66953:80b] IMAGE SAVED!
2013-11-11 16:22:58.374 Canvas2ImageDemo[66953:80b] IMAGE SAVED!
2013-11-11 16:25:23.097 Canvas2ImageDemo[66953:80b] IMAGE SAVED!
2013-11-11 16:37:47.740 Canvas2ImageDemo[67664:80b] Multi-tasking -> Device: YES, App: YES
2013-11-11 16:37:47.759 Canvas2ImageDemo[67664:80b] [CDVTimer][canvas2imageplugin] 0.038028ms
2013-11-11 16:37:47.760 Canvas2ImageDemo[67664:80b] [CDVTimer][TotalPluginStartup] 0.493050ms
2013-11-11 16:37:47.828 Canvas2ImageDemo[67664:80b] Resetting plugins due to page load.
2013-11-11 16:37:47.895 Canvas2ImageDemo[67664:80b] Finished load of: file:///Users/tommy/Library/Application%20Support/iPhone%20Simulator/7.0/Applications/B831DE15-8050-4171-BD1E-27A6C9C8EA7C/Canvas2ImageDemo.app/www/index.html
2013-11-11 16:37:51.517 Canvas2ImageDemo[67664:80b] THREAD WARNING: ['Notification'] took '15.193115' ms. Plugin should use a background thread.
2013-11-11 16:37:53.229 Canvas2ImageDemo[67664:80b] *** Assertion failure in -[UIApplication runModal:](), /SourceCache/UIKit_Sim/UIKit-2903.2/UIApplication.m:9467
2013-11-11 16:37:53.236 Canvas2ImageDemo[67664:80b] *** WebKit discarded an uncaught exception in the webView:runJavaScriptAlertPanelWithMessage:initiatedByFrame: delegate: <NSInternalInconsistencyException> The view passed in does not have a window.
2013-11-11 16:37:57.942 Canvas2ImageDemo[67664:80b] *** Assertion failure in -[UIApplication runModal:](), /SourceCache/UIKit_Sim/UIKit-2903.2/UIApplication.m:9467
2013-11-11 16:37:57.942 Canvas2ImageDemo[67664:80b] *** WebKit discarded an uncaught exception in the webView:runJavaScriptAlertPanelWithMessage:initiatedByFrame: delegate: <NSInternalInconsistencyException> The view passed in does not have a window.
2013-11-11 16:39:07.998 Canvas2ImageDemo[68279:80b] Multi-tasking -> Device: YES, App: YES
2013-11-11 16:39:08.018 Canvas2ImageDemo[68279:80b] [CDVTimer][canvas2imageplugin] 0.034988ms
2013-11-11 16:39:08.018 Canvas2ImageDemo[68279:80b] [CDVTimer][TotalPluginStartup] 0.514984ms
2013-11-11 16:39:08.081 Canvas2ImageDemo[68279:80b] Resetting plugins due to page load.
2013-11-11 16:39:08.145 Canvas2ImageDemo[68279:80b] Finished load of: file:///Users/tommy/Library/Application%20Support/iPhone%20Simulator/7.0/Applications/B831DE15-8050-4171-BD1E-27A6C9C8EA7C/Canvas2ImageDemo.app/www/index.html
2013-11-11 16:39:19.225 Canvas2ImageDemo[68279:80b] THREAD WARNING: ['Notification'] took '17.351074' ms. Plugin should use a background thread.
2013-11-11 16:39:25.355 Canvas2ImageDemo[68279:80b] IMAGE SAVED!
2013-11-11 16:40:45.783 Canvas2ImageDemo[68896:80b] Multi-tasking -> Device: YES, App: YES
2013-11-11 16:40:45.806 Canvas2ImageDemo[68896:80b] [CDVTimer][canvas2imageplugin] 0.059962ms
2013-11-11 16:40:45.807 Canvas2ImageDemo[68896:80b] [CDVTimer][TotalPluginStartup] 0.618994ms
2013-11-11 16:40:45.888 Canvas2ImageDemo[68896:80b] Resetting plugins due to page load.
2013-11-11 16:40:45.957 Canvas2ImageDemo[68896:80b] Finished load of: file:///Users/tommy/Library/Application%20Support/iPhone%20Simulator/7.0/Applications/B831DE15-8050-4171-BD1E-27A6C9C8EA7C/Canvas2ImageDemo.app/www/index.html
2013-11-11 16:40:50.714 Canvas2ImageDemo[68896:80b] THREAD WARNING: ['Notification'] took '15.273926' ms. Plugin should use a background thread.
2013-11-11 16:40:52.066 Canvas2ImageDemo[68896:80b] IMAGE SAVED!
2013-11-11 16:41:00.036 Canvas2ImageDemo[68896:80b] IMAGE SAVED!
2013-11-11 16:42:47.569 Canvas2ImageDemo[69847:80b] Multi-tasking -> Device: YES, App: YES
2013-11-11 16:42:47.589 Canvas2ImageDemo[69847:80b] [CDVTimer][canvas2imageplugin] 0.054002ms
2013-11-11 16:42:47.589 Canvas2ImageDemo[69847:80b] [CDVTimer][TotalPluginStartup] 0.588000ms
2013-11-11 16:42:47.648 Canvas2ImageDemo[69847:80b] Resetting plugins due to page load.
2013-11-11 16:42:47.712 Canvas2ImageDemo[69847:80b] Finished load of: file:///Users/tommy/Library/Application%20Support/iPhone%20Simulator/7.0/Applications/77C4BB7A-F88E-49AB-B58A-C6B9298BFEF7/Canvas2ImageDemo.app/www/index.html
2013-11-11 16:42:57.260 Canvas2ImageDemo[69847:80b] THREAD WARNING: ['Notification'] took '15.322021' ms. Plugin should use a background thread.
2013-11-11 16:43:05.272 Canvas2ImageDemo[69847:80b] IMAGE SAVED!
